<?xml version="1.0" encoding="UTF-8"?>
<testsuite name="com.construclick.construclick.ConstruclickApplicationTests" tests="1" skipped="0" failures="0" errors="0" timestamp="2024-09-06T03:46:34" hostname="192.168.1.93" time="0.305">
  <properties/>
  <testcase name="contextLoads()" classname="com.construclick.construclick.ConstruclickApplicationTests" time="0.305"/>
  <system-out><![CDATA[21:46:32.840 [Test worker] INFO org.springframework.test.context.support.AnnotationConfigContextLoaderUtils -- Could not detect default configuration classes for test class [com.construclick.construclick.ConstruclickApplicationTests]: ConstruclickApplicationTests does not declare any static, non-private, non-final, nested classes annotated with @Configuration.
21:46:32.882 [Test worker] INFO org.springframework.boot.test.context.SpringBootTestContextBootstrapper -- Found @SpringBootConfiguration com.construclick.construclick.ConstruclickApplication for test class com.construclick.construclick.ConstruclickApplicationTests

  .   ____          _            __ _ _
 /\\ / ___'_ __ _ _(_)_ __  __ _ \ \ \ \
( ( )\___ | '_ | '_| | '_ \/ _` | \ \ \ \
 \\/  ___)| |_)| | | | | || (_| |  ) ) ) )
  '  |____| .__|_| |_|_| |_\__, | / / / /
 =========|_|==============|___/=/_/_/_/

 :: Spring Boot ::                (v3.3.3)

2024-09-05T21:46:33.059-06:00  INFO 46496 --- [construclick] [    Test worker] c.c.c.ConstruclickApplicationTests       : Starting ConstruclickApplicationTests using Java 17.0.12 with PID 46496 (started by monicajassorosales in /Users/monicajassorosales/Desktop/construclickBack/Construclick_Prod)
2024-09-05T21:46:33.060-06:00  INFO 46496 --- [construclick] [    Test worker] c.c.c.ConstruclickApplicationTests       : No active profile set, falling back to 1 default profile: "default"
2024-09-05T21:46:33.304-06:00  INFO 46496 --- [construclick] [    Test worker] .s.d.r.c.RepositoryConfigurationDelegate : Bootstrapping Spring Data JPA repositories in DEFAULT mode.
2024-09-05T21:46:33.327-06:00  INFO 46496 --- [construclick] [    Test worker] .s.d.r.c.RepositoryConfigurationDelegate : Finished Spring Data repository scanning in 20 ms. Found 2 JPA repository interfaces.
2024-09-05T21:46:33.503-06:00  INFO 46496 --- [construclick] [    Test worker] o.hibernate.jpa.internal.util.LogHelper  : HHH000204: Processing PersistenceUnitInfo [name: default]
2024-09-05T21:46:33.526-06:00  INFO 46496 --- [construclick] [    Test worker] org.hibernate.Version                    : HHH000412: Hibernate ORM core version 6.5.2.Final
2024-09-05T21:46:33.540-06:00  INFO 46496 --- [construclick] [    Test worker] o.h.c.internal.RegionFactoryInitiator    : HHH000026: Second-level cache disabled
2024-09-05T21:46:33.658-06:00  INFO 46496 --- [construclick] [    Test worker] o.s.o.j.p.SpringPersistenceUnitInfo      : No LoadTimeWeaver setup: ignoring JPA class transformer
2024-09-05T21:46:33.668-06:00  INFO 46496 --- [construclick] [    Test worker] com.zaxxer.hikari.HikariDataSource       : HikariPool-1 - Starting...
2024-09-05T21:46:33.811-06:00  INFO 46496 --- [construclick] [    Test worker] com.zaxxer.hikari.pool.HikariPool        : HikariPool-1 - Added connection com.mysql.cj.jdbc.ConnectionImpl@7fc1fd31
2024-09-05T21:46:33.812-06:00  INFO 46496 --- [construclick] [    Test worker] com.zaxxer.hikari.HikariDataSource       : HikariPool-1 - Start completed.
2024-09-05T21:46:34.187-06:00  INFO 46496 --- [construclick] [    Test worker] o.h.e.t.j.p.i.JtaPlatformInitiator       : HHH000489: No JTA platform available (set 'hibernate.transaction.jta.platform' to enable JTA platform integration)
2024-09-05T21:46:34.274-06:00  INFO 46496 --- [construclick] [    Test worker] j.LocalContainerEntityManagerFactoryBean : Initialized JPA EntityManagerFactory for persistence unit 'default'
2024-09-05T21:46:34.444-06:00  WARN 46496 --- [construclick] [    Test worker] JpaBaseConfiguration$JpaWebConfiguration : spring.jpa.open-in-view is enabled by default. Therefore, database queries may be performed during view rendering. Explicitly configure spring.jpa.open-in-view to disable this warning
2024-09-05T21:46:34.454-06:00  INFO 46496 --- [construclick] [    Test worker] o.s.b.a.w.s.WelcomePageHandlerMapping    : Adding welcome page: class path resource [static/index.html]
2024-09-05T21:46:34.619-06:00  INFO 46496 --- [construclick] [    Test worker] c.c.c.ConstruclickApplicationTests       : Started ConstruclickApplicationTests in 1.677 seconds (process running for 2.139)
]]></system-out>
  <system-err><![CDATA[]]></system-err>
</testsuite>
